<?xml version="1.0" encoding="UTF-8"?>
<!-- Generated by org.testng.reporters.JUnitReportReporter -->
<testsuite hostname="DESKTOP-0Q9HAE4" failures="0" tests="2" name="tyss.alphaselenium.DemoWebShopLoginScript_Test" time="6.785" errors="0" timestamp="2023-11-04T14:19:28 IST" skipped="0">
  <testcase classname="tyss.alphaselenium.DemoWebShopLoginScript_Test" name="dataReciever" time="0.523"/>
  <system-out/>
  <testcase classname="tyss.alphaselenium.DemoWebShopLoginScript_Test" name="login" time="6.262"/>
  <system-out>
    <![CDATA[logged in successfully]]>
  </system-out>
</testsuite> <!-- tyss.alphaselenium.DemoWebShopLoginScript_Test -->
